<?xml version="1.0" encoding="UTF-8"?>
<coverage generated="1655901291506" clover="3.2.0">
  <project timestamp="1655901291507" name="All files">
    <metrics statements="12" coveredstatements="12" conditionals="0" coveredconditionals="0" methods="0" coveredmethods="0" elements="12" coveredelements="12" complexity="0" loc="12" ncloc="12" packages="3" files="11" classes="11"/>
    <package name="assets">
      <metrics statements="8" coveredstatements="8" conditionals="0" coveredconditionals="0" methods="0" coveredmethods="0"/>
      <file name="icon-arrow-down.svg" path="C:\Users\paresh.praveen_ymedi\vue-invoice-app\vue-invoice-app\src\assets\icon-arrow-down.svg">
        <metrics statements="1" coveredstatements="1" conditionals="0" coveredconditionals="0" methods="0" coveredmethods="0"/>
        <line num="1" count="1" type="stmt"/>
      </file>
      <file name="icon-arrow-left.svg" path="C:\Users\paresh.praveen_ymedi\vue-invoice-app\vue-invoice-app\src\assets\icon-arrow-left.svg">
        <metrics statements="1" coveredstatements="1" conditionals="0" coveredconditionals="0" methods="0" coveredmethods="0"/>
        <line num="1" count="1" type="stmt"/>
      </file>
      <file name="icon-arrow-right.svg" path="C:\Users\paresh.praveen_ymedi\vue-invoice-app\vue-invoice-app\src\assets\icon-arrow-right.svg">
        <metrics statements="1" coveredstatements="1" conditionals="0" coveredconditionals="0" methods="0" coveredmethods="0"/>
        <line num="1" count="2" type="stmt"/>
      </file>
      <file name="icon-delete.svg" path="C:\Users\paresh.praveen_ymedi\vue-invoice-app\vue-invoice-app\src\assets\icon-delete.svg">
        <metrics statements="1" coveredstatements="1" conditionals="0" coveredconditionals="0" methods="0" coveredmethods="0"/>
        <line num="1" count="1" type="stmt"/>
      </file>
      <file name="icon-moon.svg" path="C:\Users\paresh.praveen_ymedi\vue-invoice-app\vue-invoice-app\src\assets\icon-moon.svg">
        <metrics statements="1" coveredstatements="1" conditionals="0" coveredconditionals="0" methods="0" coveredmethods="0"/>
        <line num="1" count="1" type="stmt"/>
      </file>
      <file name="icon-plus.svg" path="C:\Users\paresh.praveen_ymedi\vue-invoice-app\vue-invoice-app\src\assets\icon-plus.svg">
        <metrics statements="1" coveredstatements="1" conditionals="0" coveredconditionals="0" methods="0" coveredmethods="0"/>
        <line num="1" count="2" type="stmt"/>
      </file>
      <file name="icon-sun.svg" path="C:\Users\paresh.praveen_ymedi\vue-invoice-app\vue-invoice-app\src\assets\icon-sun.svg">
        <metrics statements="1" coveredstatements="1" conditionals="0" coveredconditionals="0" methods="0" coveredmethods="0"/>
        <line num="1" count="1" type="stmt"/>
      </file>
      <file name="illustration-empty.svg" path="C:\Users\paresh.praveen_ymedi\vue-invoice-app\vue-invoice-app\src\assets\illustration-empty.svg">
        <metrics statements="1" coveredstatements="1" conditionals="0" coveredconditionals="0" methods="0" coveredmethods="0"/>
        <line num="1" count="1" type="stmt"/>
      </file>
    </package>
    <package name="components">
      <metrics statements="2" coveredstatements="2" conditionals="0" coveredconditionals="0" methods="0" coveredmethods="0"/>
      <file name="Invoice.vue" path="C:\Users\paresh.praveen_ymedi\vue-invoice-app\vue-invoice-app\src\components\Invoice.vue">
        <metrics statements="1" coveredstatements="1" conditionals="0" coveredconditionals="0" methods="0" coveredmethods="0"/>
        <line num="26" count="2" type="stmt"/>
      </file>
      <file name="Loading.vue" path="C:\Users\paresh.praveen_ymedi\vue-invoice-app\vue-invoice-app\src\components\Loading.vue">
        <metrics statements="1" coveredstatements="1" conditionals="0" coveredconditionals="0" methods="0" coveredmethods="0"/>
        <line num="8" count="1" type="stmt"/>
      </file>
    </package>
    <package name="firebase">
      <metrics statements="2" coveredstatements="2" conditionals="0" coveredconditionals="0" methods="0" coveredmethods="0"/>
      <file name="firebaseInit.js" path="C:\Users\paresh.praveen_ymedi\vue-invoice-app\vue-invoice-app\src\firebase\firebaseInit.js">
        <metrics statements="2" coveredstatements="2" conditionals="0" coveredconditionals="0" methods="0" coveredmethods="0"/>
        <line num="4" count="1" type="stmt"/>
        <line num="13" count="1" type="stmt"/>
      </file>
    </package>
  </project>
</coverage>
