{"C:\\Users\\paresh.praveen_ymedi\\vue-invoice-app\\vue-invoice-app\\src\\assets\\icon-arrow-down.svg": {"path":"C:\\Users\\paresh.praveen_ymedi\\vue-invoice-app\\vue-invoice-app\\src\\assets\\icon-arrow-down.svg","statementMap":{"0":{"start":{"line":1,"column":0},"end":{"line":1,"column":19}}},"fnMap":{},"branchMap":{},"s":{"0":1},"f":{},"b":{},"_coverageSchema":"1a1c01bbd47fc00a2c39e90264f33305004495a9","hash":"53cda51b964cb43778325e1e8cb52909c5a01205"}
,"C:\\Users\\paresh.praveen_ymedi\\vue-invoice-app\\vue-invoice-app\\src\\assets\\icon-arrow-left.svg": {"path":"C:\\Users\\paresh.praveen_ymedi\\vue-invoice-app\\vue-invoice-app\\src\\assets\\icon-arrow-left.svg","statementMap":{"0":{"start":{"line":1,"column":0},"end":{"line":1,"column":19}}},"fnMap":{},"branchMap":{},"s":{"0":1},"f":{},"b":{},"_coverageSchema":"1a1c01bbd47fc00a2c39e90264f33305004495a9","hash":"11d99fd83ab0522f99d6bbb2b118a2f046fc643e"}
,"C:\\Users\\paresh.praveen_ymedi\\vue-invoice-app\\vue-invoice-app\\src\\assets\\icon-arrow-right.svg": {"path":"C:\\Users\\paresh.praveen_ymedi\\vue-invoice-app\\vue-invoice-app\\src\\assets\\icon-arrow-right.svg","statementMap":{"0":{"start":{"line":1,"column":0},"end":{"line":1,"column":19}}},"fnMap":{},"branchMap":{},"s":{"0":2},"f":{},"b":{},"_coverageSchema":"1a1c01bbd47fc00a2c39e90264f33305004495a9","hash":"03ba41964bc686c3b9c13dbcbd4a1a1a2305a19f"}
,"C:\\Users\\paresh.praveen_ymedi\\vue-invoice-app\\vue-invoice-app\\src\\assets\\icon-delete.svg": {"path":"C:\\Users\\paresh.praveen_ymedi\\vue-invoice-app\\vue-invoice-app\\src\\assets\\icon-delete.svg","statementMap":{"0":{"start":{"line":1,"column":0},"end":{"line":1,"column":19}}},"fnMap":{},"branchMap":{},"s":{"0":1},"f":{},"b":{},"_coverageSchema":"1a1c01bbd47fc00a2c39e90264f33305004495a9","hash":"c0a2333e204b1457a6ff97a994ec4b5e3eda1de0"}
,"C:\\Users\\paresh.praveen_ymedi\\vue-invoice-app\\vue-invoice-app\\src\\assets\\icon-moon.svg": {"path":"C:\\Users\\paresh.praveen_ymedi\\vue-invoice-app\\vue-invoice-app\\src\\assets\\icon-moon.svg","statementMap":{"0":{"start":{"line":1,"column":0},"end":{"line":1,"column":19}}},"fnMap":{},"branchMap":{},"s":{"0":1},"f":{},"b":{},"_coverageSchema":"1a1c01bbd47fc00a2c39e90264f33305004495a9","hash":"00ab32fb473b79e4d0363507a3ead636fc93ca8b"}
,"C:\\Users\\paresh.praveen_ymedi\\vue-invoice-app\\vue-invoice-app\\src\\assets\\icon-plus.svg": {"path":"C:\\Users\\paresh.praveen_ymedi\\vue-invoice-app\\vue-invoice-app\\src\\assets\\icon-plus.svg","statementMap":{"0":{"start":{"line":1,"column":0},"end":{"line":1,"column":19}}},"fnMap":{},"branchMap":{},"s":{"0":2},"f":{},"b":{},"_coverageSchema":"1a1c01bbd47fc00a2c39e90264f33305004495a9","hash":"35e6f57293a5ec358a3288d67b57ec1f85bf9d01"}
,"C:\\Users\\paresh.praveen_ymedi\\vue-invoice-app\\vue-invoice-app\\src\\assets\\icon-sun.svg": {"path":"C:\\Users\\paresh.praveen_ymedi\\vue-invoice-app\\vue-invoice-app\\src\\assets\\icon-sun.svg","statementMap":{"0":{"start":{"line":1,"column":0},"end":{"line":1,"column":19}}},"fnMap":{},"branchMap":{},"s":{"0":1},"f":{},"b":{},"_coverageSchema":"1a1c01bbd47fc00a2c39e90264f33305004495a9","hash":"a20d95247a21757803e6a0458eb6e443ff973a02"}
,"C:\\Users\\paresh.praveen_ymedi\\vue-invoice-app\\vue-invoice-app\\src\\assets\\illustration-empty.svg": {"path":"C:\\Users\\paresh.praveen_ymedi\\vue-invoice-app\\vue-invoice-app\\src\\assets\\illustration-empty.svg","statementMap":{"0":{"start":{"line":1,"column":0},"end":{"line":1,"column":19}}},"fnMap":{},"branchMap":{},"s":{"0":1},"f":{},"b":{},"_coverageSchema":"1a1c01bbd47fc00a2c39e90264f33305004495a9","hash":"94b191a9a10f0e24650253950aff14d0490186fa"}
,"C:\\Users\\paresh.praveen_ymedi\\vue-invoice-app\\vue-invoice-app\\src\\components\\Invoice.vue": {"path":"C:\\Users\\paresh.praveen_ymedi\\vue-invoice-app\\vue-invoice-app\\src\\components\\Invoice.vue","statementMap":{"0":{"start":{"line":26,"column":15},"end":{"line":26,"column":null}}},"fnMap":{},"branchMap":{},"s":{"0":2},"f":{},"b":{}}
,"C:\\Users\\paresh.praveen_ymedi\\vue-invoice-app\\vue-invoice-app\\src\\components\\Loading.vue": {"path":"C:\\Users\\paresh.praveen_ymedi\\vue-invoice-app\\vue-invoice-app\\src\\components\\Loading.vue","statementMap":{"0":{"start":{"line":8,"column":15},"end":{"line":8,"column":null}}},"fnMap":{},"branchMap":{},"s":{"0":1},"f":{},"b":{}}
,"C:\\Users\\paresh.praveen_ymedi\\vue-invoice-app\\vue-invoice-app\\src\\firebase\\firebaseInit.js": {"path":"C:\\Users\\paresh.praveen_ymedi\\vue-invoice-app\\vue-invoice-app\\src\\firebase\\firebaseInit.js","statementMap":{"0":{"start":{"line":4,"column":23},"end":{"line":11,"column":1}},"1":{"start":{"line":13,"column":20},"end":{"line":13,"column":58}}},"fnMap":{},"branchMap":{},"s":{"0":1,"1":1},"f":{},"b":{},"_coverageSchema":"1a1c01bbd47fc00a2c39e90264f33305004495a9","hash":"15b4f1ef38eecf6fc14ae77ac995e22fc2dd875a"}
}
